<?xml version="1.0" encoding="utf-8" standalone="no"?>
<test-run id="0" runstate="Runnable" testcasecount="1" result="Failed" label="Error" total="1" passed="0" failed="1" inconclusive="0" skipped="0" asserts="0" engine-version="3.11.1.0" clr-version="4.0.30319.42000" start-time="2020-04-02 15:42:24Z" end-time="2020-04-02 15:42:24Z" duration="0.585100">
  <command-line><![CDATA[H:\NUnit.Console-3.11.1\bin\net35\nunit3-console  H:\FOR_WORK\NUnitWithDotnetCore\NUnitWithDotnetCore\bin\Debug\netcoreapp3.1\NUnitWithDotnetCore.dll]]></command-line>
  <test-suite type="Assembly" id="0" name="" fullname="" runstate="NotRunnable" testcasecount="1" result="Failed" label="Error" start-time="2020-04-02 15:42:24Z" end-time="2020-04-02 15:42:24Z" duration="0.001" total="1" passed="0" failed="1" inconclusive="0" skipped="0" asserts="0">
    <failure>
      <message><![CDATA[NUnit.Engine.NUnitEngineException : The NUnit 3 driver encountered an error while executing reflected code.
  ----> System.InvalidCastException : Unable to cast transparent proxy to type 'System.Web.UI.ICallbackEventHandler'.]]></message>
      <stack-trace><![CDATA[--NUnitEngineException
The NUnit 3 driver encountered an error while executing reflected code.

Server stack trace: 
   at NUnit.Engine.Drivers.NUnit3FrameworkDriver.CreateObject(String typeName, Object[] args) in C:\Users\Chris\Documents\git\nunit-console\src\NUnitEngine\nunit.engine.core\Drivers\NUnit3FrameworkDriver.cs:line 179
   at NUnit.Engine.Drivers.NUnit3FrameworkDriver.Load(String testAssemblyPath, IDictionary`2 settings) in C:\Users\Chris\Documents\git\nunit-console\src\NUnitEngine\nunit.engine.core\Drivers\NUnit3FrameworkDriver.cs:line 99
   at NUnit.Engine.Runners.DirectTestRunner.LoadDriver(IFrameworkDriver driver, String testFile, TestPackage subPackage) in C:\Users\Chris\Documents\git\nunit-console\src\NUnitEngine\nunit.engine.core\Runners\DirectTestRunner.cs:line 162
   at NUnit.Engine.Runners.DirectTestRunner.LoadPackage() in C:\Users\Chris\Documents\git\nunit-console\src\NUnitEngine\nunit.engine.core\Runners\DirectTestRunner.cs:line 152
   at NUnit.Engine.Runners.DirectTestRunner.EnsurePackageIsLoaded() in C:\Users\Chris\Documents\git\nunit-console\src\NUnitEngine\nunit.engine.core\Runners\DirectTestRunner.cs:line 262
   at NUnit.Engine.Runners.DirectTestRunner.RunTests(ITestEventListener listener, TestFilter filter) in C:\Users\Chris\Documents\git\nunit-console\src\NUnitEngine\nunit.engine.core\Runners\DirectTestRunner.cs:line 210
   at System.Runtime.Remoting.Messaging.StackBuilderSink._PrivateProcessMessage(IntPtr md, Object[] args, Object server, Object[]& outArgs)
   at System.Runtime.Remoting.Messaging.StackBuilderSink.SyncProcessMessage(IMessage msg)

Exception rethrown at [0]: 
   at System.Runtime.Remoting.Proxies.RealProxy.HandleReturnMessage(IMessage reqMsg, IMessage retMsg)
   at System.Runtime.Remoting.Proxies.RealProxy.PrivateInvoke(MessageData& msgData, Int32 type)
   at NUnit.Engine.ITestEngineRunner.Run(ITestEventListener listener, TestFilter filter)
   at NUnit.Engine.Runners.ProcessRunner.RunTests(ITestEventListener listener, TestFilter filter) in C:\Users\Chris\Documents\git\nunit-console\src\NUnitEngine\nunit.engine\Runners\ProcessRunner.cs:line 163
--
InvalidCastException
Unable to cast transparent proxy to type 'System.Web.UI.ICallbackEventHandler'.
   at NUnit.Framework.Api.FrameworkController.LoadTestsAction..ctor(FrameworkController controller, Object handler)
]]></stack-trace>
    </failure>
  </test-suite>
</test-run>